<?xml version="1.0" encoding="UTF-8"?>
<testsuite xmlns:xsi="http://www.w3.org/2001/XMLSchema-instance" xsi:schemaLocation="https://maven.apache.org/surefire/maven-surefire-plugin/xsd/surefire-test-report.xsd" name="testRunner.TestRunner" time="34.732" tests="24" errors="0" skipped="2" failures="2">
  <properties>
[...]
</properties>
  <testcase name="Given I go to Login Page" classname="| admin | admin |" time="0.001"/>
  <testcase name="When I login with &quot;admin&quot; &quot;admin&quot;" classname="| admin | admin |" time="0"/>
  <testcase name="Then I verify I am on dashboard" classname="| admin | admin |" time="0.002"/>
  <testcase name="When I LogOut" classname="| admin | admin |" time="0"/>
  <testcase name="Then I am on Login Page" classname="| admin | admin |" time="0"/>
  <testcase name="| admin | admin |" classname="| admin | admin |" time="0.032"/>
  <testcase name="Given I go to Login Page" classname="| linda.anderson | linda.anderson |" time="0"/>
  <testcase name="When I login with &quot;linda.anderson&quot; &quot;linda.anderson&quot;" classname="| linda.anderson | linda.anderson |" time="0"/>
  <testcase name="Then I verify I am on dashboard" classname="| linda.anderson | linda.anderson |" time="0"/>
  <testcase name="When I LogOut" classname="| linda.anderson | linda.anderson |" time="0"/>
  <testcase name="Then I am on Login Page" classname="| linda.anderson | linda.anderson |" time="0"/>
  <testcase name="| linda.anderson | linda.anderson |" classname="| linda.anderson | linda.anderson |" time="0.003"/>
  <testcase name="Given I go to Login Page" classname="| anthony.nolan | anthony.nolan |" time="0"/>
  <testcase name="When I login with &quot;anthony.nolan&quot; &quot;anthony.nolan&quot;" classname="| anthony.nolan | anthony.nolan |" time="0"/>
  <testcase name="Then I verify I am on dashboard" classname="| anthony.nolan | anthony.nolan |" time="0"/>
  <testcase name="When I LogOut" classname="| anthony.nolan | anthony.nolan |" time="0"/>
  <testcase name="Then I am on Login Page" classname="| anthony.nolan | anthony.nolan |" time="0"/>
  <testcase name="| anthony.nolan | anthony.nolan |" classname="| anthony.nolan | anthony.nolan |" time="0.001"/>
  <testcase name="Given I go to Login Page" classname="| peter.mac | peter.mac1 |" time="0"/>
  <testcase name="When I login with &quot;peter.mac&quot; &quot;peter.mac1&quot;" classname="| peter.mac | peter.mac1 |" time="0"/>
  <testcase name="Then I verify I am on dashboard" classname="| peter.mac | peter.mac1 |" time="0.008">
    <failure message="User is not on dashboard" type="java.lang.AssertionError">java.lang.AssertionError: User is not on dashboard
</failure>
  </testcase>
  <testcase name="| peter.mac | peter.mac1 |" classname="| peter.mac | peter.mac1 |" time="0.008">
    <failure message="User is not on dashboard" type="java.lang.AssertionError">java.lang.AssertionError: User is not on dashboard
</failure>
  </testcase>
  <testcase name="When I LogOut" classname="| peter.mac | peter.mac1 |" time="0">
    <skipped/>
  </testcase>
  <testcase name="Then I am on Login Page" classname="| peter.mac | peter.mac1 |" time="0">
    <skipped/>
  </testcase>
</testsuite>